[0m16:22:49.662815 [debug] [MainThread]: Sending event: {'category': 'dbt', 'action': 'invocation', 'label': 'start', 'context': [<snowplow_tracker.self_describing_json.SelfDescribingJson object at 0x7d1e2ce84a70>, <snowplow_tracker.self_describing_json.SelfDescribingJson object at 0x7d1e2a3ae300>, <snowplow_tracker.self_describing_json.SelfDescribingJson object at 0x7d1e2a1fa8d0>]}


============================== 16:22:49.670231 | f82579c5-35a7-43b9-bbb8-6017848eb8f5 ==============================
[0m16:22:49.670231 [info ] [MainThread]: Running with dbt=1.11.11
[0m16:22:49.671495 [debug] [MainThread]: running dbt with arguments {'version_check': 'True', 'log_format': 'default', 'indirect_selection': 'eager', 'debug': 'False', 'partial_parse': 'True', 'warn_error_options': 'WarnErrorOptionsV2(error=[], warn=[], silence=[])', 'quiet': 'False', 'introspect': 'True', 'profiles_dir': '/home/codespace/.dbt', 'no_print': 'None', 'static_parser': 'True', 'target_path': 'None', 'printer_width': '80', 'warn_error': 'None', 'empty': 'None', 'write_json': 'True', 'use_experimental_parser': 'False', 'invocation_command': 'dbt init dbt_core_example', 'cache_selected_only': 'False', 'use_colors': 'True', 'send_anonymous_usage_stats': 'True', 'fail_fast': 'False', 'log_path': 'logs', 'log_cache_events': 'False'}
[0m16:22:49.691226 [info ] [MainThread]: Creating dbt configuration folder at /home/codespace/.dbt
[0m16:22:49.693185 [info ] [MainThread]: A project called dbt_core_example already exists here.
[0m16:22:49.695235 [debug] [MainThread]: Resource report: {"command_name": "init", "command_success": true, "command_wall_clock_time": 0.108447365, "process_in_blocks": "17984", "process_kernel_time": 0.295871, "process_mem_max_rss": "119280", "process_out_blocks": "8", "process_user_time": 3.149412}
[0m16:22:49.697275 [debug] [MainThread]: Command `dbt init` succeeded at 16:22:49.696100 after 0.11 seconds
[0m16:22:49.699409 [debug] [MainThread]: Sending event: {'category': 'dbt', 'action': 'invocation', 'label': 'end', 'context': [<snowplow_tracker.self_describing_json.SelfDescribingJson object at 0x7d1e2cd90ad0>, <snowplow_tracker.self_describing_json.SelfDescribingJson object at 0x7d1e2a1fa8d0>, <snowplow_tracker.self_describing_json.SelfDescribingJson object at 0x7d1e2a1f97f0>]}
[0m16:22:49.702077 [debug] [MainThread]: Flushing usage events
[0m16:22:50.570580 [debug] [MainThread]: An error was encountered while trying to flush usage events
[0m16:23:25.823529 [debug] [MainThread]: Sending event: {'category': 'dbt', 'action': 'invocation', 'label': 'start', 'context': [<snowplow_tracker.self_describing_json.SelfDescribingJson object at 0x75e3947f6fc0>, <snowplow_tracker.self_describing_json.SelfDescribingJson object at 0x75e396aa93d0>, <snowplow_tracker.self_describing_json.SelfDescribingJson object at 0x75e393e2e300>]}


============================== 16:23:25.828984 | 2956eff2-91ba-4437-8af7-d93643fdd006 ==============================
[0m16:23:25.828984 [info ] [MainThread]: Running with dbt=1.11.11
[0m16:23:25.830413 [debug] [MainThread]: running dbt with arguments {'write_json': 'True', 'indirect_selection': 'eager', 'log_format': 'default', 'warn_error': 'None', 'introspect': 'True', 'target_path': 'None', 'no_print': 'None', 'fail_fast': 'False', 'version_check': 'True', 'use_experimental_parser': 'False', 'empty': 'None', 'use_colors': 'True', 'profiles_dir': '/home/codespace/.dbt', 'invocation_command': 'dbt init dbt_core_example', 'cache_selected_only': 'False', 'debug': 'False', 'send_anonymous_usage_stats': 'True', 'log_cache_events': 'False', 'quiet': 'False', 'partial_parse': 'True', 'log_path': 'logs', 'static_parser': 'True', 'printer_width': '80', 'warn_error_options': 'WarnErrorOptionsV2(error=[], warn=[], silence=[])'}
[0m16:23:25.870244 [debug] [MainThread]: Starter project path: /usr/local/python/3.12.1/lib/python3.12/site-packages/dbt/include/starter_project
[0m16:23:25.886758 [info ] [MainThread]: 
Your new dbt project "dbt_core_example" was created!

For more information on how to configure the profiles.yml file,
please consult the dbt documentation here:

  https://docs.getdbt.com/docs/configure-your-profile

One more thing:

Need help? Don't hesitate to reach out to us via GitHub issues or on Slack:

  https://community.getdbt.com/

Happy modeling!

[0m16:23:25.888316 [info ] [MainThread]: Setting up your profile.
[0m16:24:52.262376 [info ] [MainThread]: Profile dbt_core_example written to /home/codespace/.dbt/profiles.yml using target's profile_template.yml and your supplied values. Run 'dbt debug' to validate the connection.
[0m16:24:52.269219 [debug] [MainThread]: Resource report: {"command_name": "init", "command_success": true, "command_wall_clock_time": 86.520035, "process_in_blocks": "984", "process_kernel_time": 0.331986, "process_mem_max_rss": "142996", "process_out_blocks": "88", "process_user_time": 3.404485}
[0m16:24:52.278137 [debug] [MainThread]: Command `dbt init` succeeded at 16:24:52.277958 after 86.53 seconds
[0m16:24:52.280189 [debug] [MainThread]: Sending event: {'category': 'dbt', 'action': 'invocation', 'label': 'end', 'context': [<snowplow_tracker.self_describing_json.SelfDescribingJson object at 0x75e393e94fb0>, <snowplow_tracker.self_describing_json.SelfDescribingJson object at 0x75e3944a2f60>, <snowplow_tracker.self_describing_json.SelfDescribingJson object at 0x75e392c7af00>]}
[0m16:24:52.283360 [debug] [MainThread]: Flushing usage events
[0m16:24:53.225792 [debug] [MainThread]: An error was encountered while trying to flush usage events
